# JRE version: OpenJDK Runtime Environment (8.0_152-b01) (build 1.8.0_152-release-1024-b01)
# Java VM: OpenJDK 64-Bit Server VM (25.152-b01 mixed mode linux-amd64 compressed oops)
Heap:
 PSYoungGen      total 184320K, used 24519K [0x000000078e000000, 0x000000079b300000, 0x00000007c0000000)
  eden space 152576K, 0% used [0x000000078e000000,0x000000078e000000,0x0000000797500000)
  from space 31744K, 77% used [0x0000000799400000,0x000000079abf1ca8,0x000000079b300000)
  to   space 18944K, 0% used [0x0000000797a80000,0x0000000797a80000,0x0000000798d00000)
 ParOldGen       total 88064K, used 43908K [0x000000072a000000, 0x000000072f600000, 0x000000078e000000)
  object space 88064K, 49% used [0x000000072a000000,0x000000072cae1208,0x000000072f600000)
 Metaspace       used 86572K, capacity 92240K, committed 92376K, reserved 1130496K
  class space    used 10831K, capacity 11767K, committed 11776K, reserved 1048576K
GC Heap History (10 events):
Event: 7187,267 GC heap after
Heap after GC invocations=40 (full 3):
 PSYoungGen      total 166912K, used 19057K [0x000000078e000000, 0x000000079ac00000, 0x00000007c0000000)
  eden space 147456K, 0% used [0x000000078e000000,0x000000078e000000,0x0000000797000000)
  from space 19456K, 97% used [0x0000000797580000,0x000000079881c690,0x0000000798880000)
  to   space 30720K, 0% used [0x0000000798e00000,0x0000000798e00000,0x000000079ac00000)
 ParOldGen       total 88064K, used 43756K [0x000000072a000000, 0x000000072f600000, 0x000000078e000000)
  object space 88064K, 49% used [0x000000072a000000,0x000000072cabb208,0x000000072f600000)
 Metaspace       used 86108K, capacity 91668K, committed 91864K, reserved 1130496K
  class space    used 10816K, capacity 11749K, committed 11776K, reserved 1048576K
}
Event: 7189,801 GC heap before
{Heap before GC invocations=41 (full 3):
 PSYoungGen      total 166912K, used 165493K [0x000000078e000000, 0x000000079ac00000, 0x00000007c0000000)
  eden space 147456K, 99% used [0x000000078e000000,0x0000000796f010a0,0x0000000797000000)
  from space 19456K, 97% used [0x0000000797580000,0x000000079881c690,0x0000000798880000)
  to   space 30720K, 0% used [0x0000000798e00000,0x0000000798e00000,0x000000079ac00000)
 ParOldGen       total 88064K, used 43756K [0x000000072a000000, 0x000000072f600000, 0x000000078e000000)
  object space 88064K, 49% used [0x000000072a000000,0x000000072cabb208,0x000000072f600000)
 Metaspace       used 86232K, capacity 91846K, committed 92120K, reserved 1130496K
  class space    used 10826K, capacity 11758K, committed 11776K, reserved 1048576K
Event: 7189,985 GC heap after
Heap after GC invocations=41 (full 3):
 PSYoungGen      total 174592K, used 30584K [0x000000078e000000, 0x000000079c600000, 0x00000007c0000000)
  eden space 143872K, 0% used [0x000000078e000000,0x000000078e000000,0x0000000796c80000)
  from space 30720K, 99% used [0x0000000798e00000,0x000000079abde088,0x000000079ac00000)
  to   space 34304K, 0% used [0x0000000796c80000,0x0000000796c80000,0x0000000798e00000)
 ParOldGen       total 88064K, used 43788K [0x000000072a000000, 0x000000072f600000, 0x000000078e000000)
  object space 88064K, 49% used [0x000000072a000000,0x000000072cac3208,0x000000072f600000)
 Metaspace       used 86232K, capacity 91846K, committed 92120K, reserved 1130496K
  class space    used 10826K, capacity 11758K, committed 11776K, reserved 1048576K
}
Event: 7416,741 GC heap before
{Heap before GC invocations=42 (full 3):
 PSYoungGen      total 174592K, used 174456K [0x000000078e000000, 0x000000079c600000, 0x00000007c0000000)
  eden space 143872K, 100% used [0x000000078e000000,0x0000000796c80000,0x0000000796c80000)
  from space 30720K, 99% used [0x0000000798e00000,0x000000079abde088,0x000000079ac00000)
  to   space 34304K, 0% used [0x0000000796c80000,0x0000000796c80000,0x0000000798e00000)
 ParOldGen       total 88064K, used 43788K [0x000000072a000000, 0x000000072f600000, 0x000000078e000000)
  object space 88064K, 49% used [0x000000072a000000,0x000000072cac3208,0x000000072f600000)
 Metaspace       used 86292K, capacity 91908K, committed 92120K, reserved 1130496K
  class space    used 10831K, capacity 11767K, committed 11776K, reserved 1048576K
Event: 7417,175 GC heap after
Heap after GC invocations=42 (full 3):
 PSYoungGen      total 178176K, used 13709K [0x000000078e000000, 0x000000079be00000, 0x00000007c0000000)
  eden space 143872K, 0% used [0x000000078e000000,0x000000078e000000,0x0000000796c80000)
  from space 34304K, 39% used [0x0000000796c80000,0x00000007979e3780,0x0000000798e00000)
  to   space 33280K, 0% used [0x0000000799d80000,0x0000000799d80000,0x000000079be00000)
 ParOldGen       total 88064K, used 43812K [0x000000072a000000, 0x000000072f600000, 0x000000078e000000)
  object space 88064K, 49% used [0x000000072a000000,0x000000072cac9208,0x000000072f600000)
 Metaspace       used 86292K, capacity 91908K, committed 92120K, reserved 1130496K
  class space    used 10831K, capacity 11767K, committed 11776K, reserved 1048576K
}
Event: 7929,279 GC heap before
{Heap before GC invocations=43 (full 3):
 PSYoungGen      total 178176K, used 157581K [0x000000078e000000, 0x000000079be00000, 0x00000007c0000000)
  eden space 143872K, 100% used [0x000000078e000000,0x0000000796c80000,0x0000000796c80000)
  from space 34304K, 39% used [0x0000000796c80000,0x00000007979e3780,0x0000000798e00000)
  to   space 33280K, 0% used [0x0000000799d80000,0x0000000799d80000,0x000000079be00000)
 ParOldGen       total 88064K, used 43812K [0x000000072a000000, 0x000000072f600000, 0x000000078e000000)
  object space 88064K, 49% used [0x000000072a000000,0x000000072cac9208,0x000000072f600000)
 Metaspace       used 86387K, capacity 91976K, committed 92120K, reserved 1130496K
  class space    used 10831K, capacity 11767K, committed 11776K, reserved 1048576K
Event: 7929,735 GC heap after
Heap after GC invocations=43 (full 3):
 PSYoungGen      total 188928K, used 20785K [0x000000078e000000, 0x000000079bb80000, 0x00000007c0000000)
  eden space 158208K, 0% used [0x000000078e000000,0x000000078e000000,0x0000000797a80000)
  from space 30720K, 67% used [0x0000000799d80000,0x000000079b1cc7e0,0x000000079bb80000)
  to   space 33280K, 0% used [0x0000000797a80000,0x0000000797a80000,0x0000000799b00000)
 ParOldGen       total 88064K, used 43844K [0x000000072a000000, 0x000000072f600000, 0x000000078e000000)
  object space 88064K, 49% used [0x000000072a000000,0x000000072cad1208,0x000000072f600000)
 Metaspace       used 86387K, capacity 91976K, committed 92120K, reserved 1130496K
  class space    used 10831K, capacity 11767K, committed 11776K, reserved 1048576K
}
Event: 9501,696 GC heap before
{Heap before GC invocations=44 (full 3):
 PSYoungGen      total 188928K, used 178993K [0x000000078e000000, 0x000000079bb80000, 0x00000007c0000000)
  eden space 158208K, 100% used [0x000000078e000000,0x0000000797a80000,0x0000000797a80000)
  from space 30720K, 67% used [0x0000000799d80000,0x000000079b1cc7e0,0x000000079bb80000)
  to   space 33280K, 0% used [0x0000000797a80000,0x0000000797a80000,0x0000000799b00000)
 ParOldGen       total 88064K, used 43844K [0x000000072a000000, 0x000000072f600000, 0x000000078e000000)
  object space 88064K, 49% used [0x000000072a000000,0x000000072cad1208,0x000000072f600000)
 Metaspace       used 86525K, capacity 92112K, committed 92376K, reserved 1130496K
  class space    used 10831K, capacity 11767K, committed 11776K, reserved 1048576K
Event: 9502,846 GC heap after
Heap after GC invocations=44 (full 3):
 PSYoungGen      total 171520K, used 18473K [0x000000078e000000, 0x000000079b300000, 0x00000007c0000000)
  eden space 152576K, 0% used [0x000000078e000000,0x000000078e000000,0x0000000797500000)
  from space 18944K, 97% used [0x0000000797a80000,0x0000000798c8a568,0x0000000798d00000)
  to   space 31744K, 0% used [0x0000000799400000,0x0000000799400000,0x000000079b300000)
 ParOldGen       total 88064K, used 43876K [0x000000072a000000, 0x000000072f600000, 0x000000078e000000)
  object space 88064K, 49% used [0x000000072a000000,0x000000072cad9208,0x000000072f600000)
 Metaspace       used 86525K, capacity 92112K, committed 92376K, reserved 1130496K
  class space    used 10831K, capacity 11767K, committed 11776K, reserved 1048576K
}
Event: 9691,589 GC heap before
{Heap before GC invocations=45 (full 3):
 PSYoungGen      total 171520K, used 171025K [0x000000078e000000, 0x000000079b300000, 0x00000007c0000000)
  eden space 152576K, 99% used [0x000000078e000000,0x00000007974fa1c8,0x0000000797500000)
  from space 18944K, 97% used [0x0000000797a80000,0x0000000798c8a568,0x0000000798d00000)
  to   space 31744K, 0% used [0x0000000799400000,0x0000000799400000,0x000000079b300000)
 ParOldGen       total 88064K, used 43876K [0x000000072a000000, 0x000000072f600000, 0x000000078e000000)
  object space 88064K, 49% used [0x000000072a000000,0x000000072cad9208,0x000000072f600000)
 Metaspace       used 86572K, capacity 92240K, committed 92376K, reserved 1130496K
  class space    used 10831K, capacity 11767K, committed 11776K, reserved 1048576K

