# JRE version: OpenJDK Runtime Environment (8.0_152-b01) (build 1.8.0_152-release-1024-b01)
# Java VM: OpenJDK 64-Bit Server VM (25.152-b01 mixed mode linux-amd64 compressed oops)
Heap:
 PSYoungGen      total 373248K, used 7806K [0x000000078e000000, 0x00000007a6500000, 0x00000007c0000000)
  eden space 348160K, 0% used [0x000000078e000000,0x000000078e000000,0x00000007a3400000)
  from space 25088K, 31% used [0x00000007a3400000,0x00000007a3b9f848,0x00000007a4c80000)
  to   space 17920K, 0% used [0x00000007a5380000,0x00000007a5380000,0x00000007a6500000)
 ParOldGen       total 87552K, used 34644K [0x000000072a000000, 0x000000072f580000, 0x000000078e000000)
  object space 87552K, 39% used [0x000000072a000000,0x000000072c1d5038,0x000000072f580000)
 Metaspace       used 67467K, capacity 70360K, committed 70616K, reserved 1110016K
  class space    used 9029K, capacity 9620K, committed 9728K, reserved 1048576K
GC Heap History (10 events):
Event: 18,253 GC heap after
Heap after GC invocations=13 (full 2):
 PSYoungGen      total 201728K, used 18763K [0x000000078e000000, 0x000000079f380000, 0x00000007c0000000)
  eden space 181248K, 0% used [0x000000078e000000,0x000000078e000000,0x0000000799100000)
  from space 20480K, 91% used [0x0000000799100000,0x000000079a352da0,0x000000079a500000)
  to   space 23040K, 0% used [0x000000079dd00000,0x000000079dd00000,0x000000079f380000)
 ParOldGen       total 61440K, used 27335K [0x000000072a000000, 0x000000072dc00000, 0x000000078e000000)
  object space 61440K, 44% used [0x000000072a000000,0x000000072bab1de0,0x000000072dc00000)
 Metaspace       used 56473K, capacity 58436K, committed 58584K, reserved 1099776K
  class space    used 7653K, capacity 8115K, committed 8192K, reserved 1048576K
}
Event: 18,285 GC heap before
{Heap before GC invocations=14 (full 2):
 PSYoungGen      total 201728K, used 199143K [0x000000078e000000, 0x000000079f380000, 0x00000007c0000000)
  eden space 181248K, 99% used [0x000000078e000000,0x0000000799026fe0,0x0000000799100000)
  from space 20480K, 91% used [0x0000000799100000,0x000000079a352da0,0x000000079a500000)
  to   space 23040K, 0% used [0x000000079dd00000,0x000000079dd00000,0x000000079f380000)
 ParOldGen       total 61440K, used 27335K [0x000000072a000000, 0x000000072dc00000, 0x000000078e000000)
  object space 61440K, 44% used [0x000000072a000000,0x000000072bab1de0,0x000000072dc00000)
 Metaspace       used 56486K, capacity 58500K, committed 58584K, reserved 1099776K
  class space    used 7653K, capacity 8115K, committed 8192K, reserved 1048576K
Event: 18,307 GC heap after
Heap after GC invocations=14 (full 2):
 PSYoungGen      total 257536K, used 17151K [0x000000078e000000, 0x00000007a1e80000, 0x00000007c0000000)
  eden space 234496K, 0% used [0x000000078e000000,0x000000078e000000,0x000000079c500000)
  from space 23040K, 74% used [0x000000079dd00000,0x000000079edbfc58,0x000000079f380000)
  to   space 24576K, 0% used [0x000000079c500000,0x000000079c500000,0x000000079dd00000)
 ParOldGen       total 61440K, used 27343K [0x000000072a000000, 0x000000072dc00000, 0x000000078e000000)
  object space 61440K, 44% used [0x000000072a000000,0x000000072bab3de0,0x000000072dc00000)
 Metaspace       used 56486K, capacity 58500K, committed 58584K, reserved 1099776K
  class space    used 7653K, capacity 8115K, committed 8192K, reserved 1048576K
}
Event: 18,851 GC heap before
{Heap before GC invocations=15 (full 2):
 PSYoungGen      total 257536K, used 60649K [0x000000078e000000, 0x00000007a1e80000, 0x00000007c0000000)
  eden space 234496K, 18% used [0x000000078e000000,0x0000000790a7aae8,0x000000079c500000)
  from space 23040K, 74% used [0x000000079dd00000,0x000000079edbfc58,0x000000079f380000)
  to   space 24576K, 0% used [0x000000079c500000,0x000000079c500000,0x000000079dd00000)
 ParOldGen       total 61440K, used 27343K [0x000000072a000000, 0x000000072dc00000, 0x000000078e000000)
  object space 61440K, 44% used [0x000000072a000000,0x000000072bab3de0,0x000000072dc00000)
 Metaspace       used 56903K, capacity 58898K, committed 59028K, reserved 1099776K
  class space    used 7710K, capacity 8170K, committed 8192K, reserved 1048576K
Event: 18,878 GC heap after
Heap after GC invocations=15 (full 2):
 PSYoungGen      total 259072K, used 2404K [0x000000078e000000, 0x00000007a6b80000, 0x00000007c0000000)
  eden space 234496K, 0% used [0x000000078e000000,0x000000078e000000,0x000000079c500000)
  from space 24576K, 9% used [0x000000079c500000,0x000000079c7590c0,0x000000079dd00000)
  to   space 24576K, 0% used [0x00000007a5380000,0x00000007a5380000,0x00000007a6b80000)
 ParOldGen       total 61440K, used 42910K [0x000000072a000000, 0x000000072dc00000, 0x000000078e000000)
  object space 61440K, 69% used [0x000000072a000000,0x000000072c9e79c8,0x000000072dc00000)
 Metaspace       used 56903K, capacity 58898K, committed 59028K, reserved 1099776K
  class space    used 7710K, capacity 8170K, committed 8192K, reserved 1048576K
}
Event: 18,878 GC heap before
{Heap before GC invocations=16 (full 3):
 PSYoungGen      total 259072K, used 2404K [0x000000078e000000, 0x00000007a6b80000, 0x00000007c0000000)
  eden space 234496K, 0% used [0x000000078e000000,0x000000078e000000,0x000000079c500000)
  from space 24576K, 9% used [0x000000079c500000,0x000000079c7590c0,0x000000079dd00000)
  to   space 24576K, 0% used [0x00000007a5380000,0x00000007a5380000,0x00000007a6b80000)
 ParOldGen       total 61440K, used 42910K [0x000000072a000000, 0x000000072dc00000, 0x000000078e000000)
  object space 61440K, 69% used [0x000000072a000000,0x000000072c9e79c8,0x000000072dc00000)
 Metaspace       used 56903K, capacity 58898K, committed 59028K, reserved 1099776K
  class space    used 7710K, capacity 8170K, committed 8192K, reserved 1048576K
Event: 19,098 GC heap after
Heap after GC invocations=16 (full 3):
 PSYoungGen      total 259072K, used 0K [0x000000078e000000, 0x00000007a6b80000, 0x00000007c0000000)
  eden space 234496K, 0% used [0x000000078e000000,0x000000078e000000,0x000000079c500000)
  from space 24576K, 0% used [0x000000079c500000,0x000000079c500000,0x000000079dd00000)
  to   space 24576K, 0% used [0x00000007a5380000,0x00000007a5380000,0x00000007a6b80000)
 ParOldGen       total 87552K, used 32471K [0x000000072a000000, 0x000000072f580000, 0x000000078e000000)
  object space 87552K, 37% used [0x000000072a000000,0x000000072bfb5f18,0x000000072f580000)
 Metaspace       used 56903K, capacity 58898K, committed 59028K, reserved 1099776K
  class space    used 7710K, capacity 8170K, committed 8192K, reserved 1048576K
}
Event: 22,721 GC heap before
{Heap before GC invocations=17 (full 3):
 PSYoungGen      total 259072K, used 234496K [0x000000078e000000, 0x00000007a6b80000, 0x00000007c0000000)
  eden space 234496K, 100% used [0x000000078e000000,0x000000079c500000,0x000000079c500000)
  from space 24576K, 0% used [0x000000079c500000,0x000000079c500000,0x000000079dd00000)
  to   space 24576K, 0% used [0x00000007a5380000,0x00000007a5380000,0x00000007a6b80000)
 ParOldGen       total 87552K, used 32471K [0x000000072a000000, 0x000000072f580000, 0x000000078e000000)
  object space 87552K, 37% used [0x000000072a000000,0x000000072bfb5f18,0x000000072f580000)
 Metaspace       used 64798K, capacity 67326K, committed 67544K, reserved 1107968K
  class space    used 8693K, capacity 9213K, committed 9216K, reserved 1048576K
Event: 22,814 GC heap after
Heap after GC invocations=17 (full 3):
 PSYoungGen      total 366080K, used 15007K [0x000000078e000000, 0x00000007a6500000, 0x00000007c0000000)
  eden space 348160K, 0% used [0x000000078e000000,0x000000078e000000,0x00000007a3400000)
  from space 17920K, 83% used [0x00000007a5380000,0x00000007a6227dd0,0x00000007a6500000)
  to   space 25088K, 0% used [0x00000007a3400000,0x00000007a3400000,0x00000007a4c80000)
 ParOldGen       total 87552K, used 32479K [0x000000072a000000, 0x000000072f580000, 0x000000078e000000)
  object space 87552K, 37% used [0x000000072a000000,0x000000072bfb7f18,0x000000072f580000)
 Metaspace       used 64798K, capacity 67326K, committed 67544K, reserved 1107968K
  class space    used 8693K, capacity 9213K, committed 9216K, reserved 1048576K
}
Event: 26,488 GC heap before
{Heap before GC invocations=18 (full 3):
 PSYoungGen      total 366080K, used 362826K [0x000000078e000000, 0x00000007a6500000, 0x00000007c0000000)
  eden space 348160K, 99% used [0x000000078e000000,0x00000007a33aac70,0x00000007a3400000)
  from space 17920K, 83% used [0x00000007a5380000,0x00000007a6227dd0,0x00000007a6500000)
  to   space 25088K, 0% used [0x00000007a3400000,0x00000007a3400000,0x00000007a4c80000)
 ParOldGen       total 87552K, used 32479K [0x000000072a000000, 0x000000072f580000, 0x000000078e000000)
  object space 87552K, 37% used [0x000000072a000000,0x000000072bfb7f18,0x000000072f580000)
 Metaspace       used 67467K, capacity 70360K, committed 70616K, reserved 1110016K
  class space    used 9029K, capacity 9620K, committed 9728K, reserved 1048576K

