# JRE version: OpenJDK Runtime Environment (8.0_152-b01) (build 1.8.0_152-release-1024-b01)
# Java VM: OpenJDK 64-Bit Server VM (25.152-b01 mixed mode linux-amd64 compressed oops)
Heap:
 PSYoungGen      total 614400K, used 5799K [0x000000078e000000, 0x00000007b5500000, 0x00000007c0000000)
  eden space 584704K, 0% used [0x000000078e000000,0x000000078e000000,0x00000007b1b00000)
  from space 29696K, 19% used [0x00000007b1b00000,0x00000007b20a9e28,0x00000007b3800000)
  to   space 17920K, 0% used [0x00000007b4380000,0x00000007b4380000,0x00000007b5500000)
 ParOldGen       total 97280K, used 65457K [0x000000072a000000, 0x000000072ff00000, 0x000000078e000000)
  object space 97280K, 67% used [0x000000072a000000,0x000000072dfec580,0x000000072ff00000)
 Metaspace       used 80698K, capacity 84556K, committed 84696K, reserved 1122304K
  class space    used 10212K, capacity 10923K, committed 11008K, reserved 1048576K
GC Heap History (10 events):
Event: 30,878 GC heap after
Heap after GC invocations=17 (full 3):
 PSYoungGen      total 345088K, used 24045K [0x000000078e000000, 0x00000007a5d00000, 0x00000007c0000000)
  eden space 321024K, 0% used [0x000000078e000000,0x000000078e000000,0x00000007a1980000)
  from space 24064K, 99% used [0x00000007a3980000,0x00000007a50fb6d0,0x00000007a5100000)
  to   space 32768K, 0% used [0x00000007a1980000,0x00000007a1980000,0x00000007a3980000)
 ParOldGen       total 97280K, used 51834K [0x000000072a000000, 0x000000072ff00000, 0x000000078e000000)
  object space 97280K, 53% used [0x000000072a000000,0x000000072d29e878,0x000000072ff00000)
 Metaspace       used 71651K, capacity 74358K, committed 74584K, reserved 1114112K
  class space    used 9490K, capacity 10043K, committed 10112K, reserved 1048576K
}
Event: 34,702 GC heap before
{Heap before GC invocations=18 (full 3):
 PSYoungGen      total 345088K, used 344097K [0x000000078e000000, 0x00000007a5d00000, 0x00000007c0000000)
  eden space 321024K, 99% used [0x000000078e000000,0x00000007a188cfd8,0x00000007a1980000)
  from space 24064K, 99% used [0x00000007a3980000,0x00000007a50fb6d0,0x00000007a5100000)
  to   space 32768K, 0% used [0x00000007a1980000,0x00000007a1980000,0x00000007a3980000)
 ParOldGen       total 97280K, used 51834K [0x000000072a000000, 0x000000072ff00000, 0x000000078e000000)
  object space 97280K, 53% used [0x000000072a000000,0x000000072d29e878,0x000000072ff00000)
 Metaspace       used 73908K, capacity 76710K, committed 76888K, reserved 1116160K
  class space    used 9741K, capacity 10331K, committed 10368K, reserved 1048576K
Event: 34,743 GC heap after
Heap after GC invocations=18 (full 3):
 PSYoungGen      total 353792K, used 5620K [0x000000078e000000, 0x00000007ae800000, 0x00000007c0000000)
  eden space 321024K, 0% used [0x000000078e000000,0x000000078e000000,0x00000007a1980000)
  from space 32768K, 17% used [0x00000007a1980000,0x00000007a1efd2c0,0x00000007a3980000)
  to   space 32256K, 0% used [0x00000007ac880000,0x00000007ac880000,0x00000007ae800000)
 ParOldGen       total 97280K, used 55246K [0x000000072a000000, 0x000000072ff00000, 0x000000078e000000)
  object space 97280K, 56% used [0x000000072a000000,0x000000072d5f3a18,0x000000072ff00000)
 Metaspace       used 73908K, capacity 76710K, committed 76888K, reserved 1116160K
  class space    used 9741K, capacity 10331K, committed 10368K, reserved 1048576K
}
Event: 34,932 GC heap before
{Heap before GC invocations=19 (full 3):
 PSYoungGen      total 353792K, used 325800K [0x000000078e000000, 0x00000007ae800000, 0x00000007c0000000)
  eden space 321024K, 99% used [0x000000078e000000,0x00000007a18acf70,0x00000007a1980000)
  from space 32768K, 17% used [0x00000007a1980000,0x00000007a1efd2c0,0x00000007a3980000)
  to   space 32256K, 0% used [0x00000007ac880000,0x00000007ac880000,0x00000007ae800000)
 ParOldGen       total 97280K, used 55246K [0x000000072a000000, 0x000000072ff00000, 0x000000078e000000)
  object space 97280K, 56% used [0x000000072a000000,0x000000072d5f3a18,0x000000072ff00000)
 Metaspace       used 73909K, capacity 76710K, committed 76888K, reserved 1116160K
  class space    used 9741K, capacity 10331K, committed 10368K, reserved 1048576K
Event: 34,944 GC heap after
Heap after GC invocations=19 (full 3):
 PSYoungGen      total 496128K, used 96K [0x000000078e000000, 0x00000007ae600000, 0x00000007c0000000)
  eden space 465920K, 0% used [0x000000078e000000,0x000000078e000000,0x00000007aa700000)
  from space 30208K, 0% used [0x00000007ac880000,0x00000007ac898000,0x00000007ae600000)
  to   space 32256K, 0% used [0x00000007aa700000,0x00000007aa700000,0x00000007ac680000)
 ParOldGen       total 97280K, used 58181K [0x000000072a000000, 0x000000072ff00000, 0x000000078e000000)
  object space 97280K, 59% used [0x000000072a000000,0x000000072d8d1428,0x000000072ff00000)
 Metaspace       used 73909K, capacity 76710K, committed 76888K, reserved 1116160K
  class space    used 9741K, capacity 10331K, committed 10368K, reserved 1048576K
}
Event: 449,420 GC heap before
{Heap before GC invocations=20 (full 3):
 PSYoungGen      total 496128K, used 466016K [0x000000078e000000, 0x00000007ae600000, 0x00000007c0000000)
  eden space 465920K, 100% used [0x000000078e000000,0x00000007aa700000,0x00000007aa700000)
  from space 30208K, 0% used [0x00000007ac880000,0x00000007ac898000,0x00000007ae600000)
  to   space 32256K, 0% used [0x00000007aa700000,0x00000007aa700000,0x00000007ac680000)
 ParOldGen       total 97280K, used 58181K [0x000000072a000000, 0x000000072ff00000, 0x000000078e000000)
  object space 97280K, 59% used [0x000000072a000000,0x000000072d8d1428,0x000000072ff00000)
 Metaspace       used 78009K, capacity 81062K, committed 81112K, reserved 1120256K
  class space    used 10086K, capacity 10709K, committed 10752K, reserved 1048576K
Event: 450,191 GC heap after
Heap after GC invocations=20 (full 3):
 PSYoungGen      total 498176K, used 9686K [0x000000078e000000, 0x00000007b6180000, 0x00000007c0000000)
  eden space 465920K, 0% used [0x000000078e000000,0x000000078e000000,0x00000007aa700000)
  from space 32256K, 30% used [0x00000007aa700000,0x00000007ab075850,0x00000007ac680000)
  to   space 30720K, 0% used [0x00000007b4380000,0x00000007b4380000,0x00000007b6180000)
 ParOldGen       total 97280K, used 58221K [0x000000072a000000, 0x000000072ff00000, 0x000000078e000000)
  object space 97280K, 59% used [0x000000072a000000,0x000000072d8db428,0x000000072ff00000)
 Metaspace       used 78009K, capacity 81062K, committed 81112K, reserved 1120256K
  class space    used 10086K, capacity 10709K, committed 10752K, reserved 1048576K
}
Event: 457,112 GC heap before
{Heap before GC invocations=21 (full 3):
 PSYoungGen      total 498176K, used 475596K [0x000000078e000000, 0x00000007b6180000, 0x00000007c0000000)
  eden space 465920K, 99% used [0x000000078e000000,0x00000007aa6fd7b0,0x00000007aa700000)
  from space 32256K, 30% used [0x00000007aa700000,0x00000007ab075850,0x00000007ac680000)
  to   space 30720K, 0% used [0x00000007b4380000,0x00000007b4380000,0x00000007b6180000)
 ParOldGen       total 97280K, used 58221K [0x000000072a000000, 0x000000072ff00000, 0x000000078e000000)
  object space 97280K, 59% used [0x000000072a000000,0x000000072d8db428,0x000000072ff00000)
 Metaspace       used 78765K, capacity 82002K, committed 82136K, reserved 1120256K
  class space    used 10114K, capacity 10752K, committed 10752K, reserved 1048576K
Event: 457,148 GC heap after
Heap after GC invocations=21 (full 3):
 PSYoungGen      total 602624K, used 5398K [0x000000078e000000, 0x00000007b5500000, 0x00000007c0000000)
  eden space 584704K, 0% used [0x000000078e000000,0x000000078e000000,0x00000007b1b00000)
  from space 17920K, 30% used [0x00000007b4380000,0x00000007b48c5a58,0x00000007b5500000)
  to   space 29696K, 0% used [0x00000007b1b00000,0x00000007b1b00000,0x00000007b3800000)
 ParOldGen       total 97280K, used 65073K [0x000000072a000000, 0x000000072ff00000, 0x000000078e000000)
  object space 97280K, 66% used [0x000000072a000000,0x000000072df8c550,0x000000072ff00000)
 Metaspace       used 78765K, capacity 82002K, committed 82136K, reserved 1120256K
  class space    used 10114K, capacity 10752K, committed 10752K, reserved 1048576K
}
Event: 1873,635 GC heap before
{Heap before GC invocations=22 (full 3):
 PSYoungGen      total 602624K, used 590102K [0x000000078e000000, 0x00000007b5500000, 0x00000007c0000000)
  eden space 584704K, 100% used [0x000000078e000000,0x00000007b1b00000,0x00000007b1b00000)
  from space 17920K, 30% used [0x00000007b4380000,0x00000007b48c5a58,0x00000007b5500000)
  to   space 29696K, 0% used [0x00000007b1b00000,0x00000007b1b00000,0x00000007b3800000)
 ParOldGen       total 97280K, used 65073K [0x000000072a000000, 0x000000072ff00000, 0x000000078e000000)
  object space 97280K, 66% used [0x000000072a000000,0x000000072df8c550,0x000000072ff00000)
 Metaspace       used 80698K, capacity 84556K, committed 84696K, reserved 1122304K
  class space    used 10212K, capacity 10923K, committed 11008K, reserved 1048576K

