# JRE version: OpenJDK Runtime Environment (8.0_152-b01) (build 1.8.0_152-release-1024-b01)
# Java VM: OpenJDK 64-Bit Server VM (25.152-b01 mixed mode linux-amd64 compressed oops)
Heap:
 PSYoungGen      total 558080K, used 12864K [0x000000078e000000, 0x00000007b2d80000, 0x00000007c0000000)
  eden space 512512K, 0% used [0x000000078e000000,0x000000078e000000,0x00000007ad480000)
  from space 45568K, 28% used [0x00000007ad480000,0x00000007ae110020,0x00000007b0100000)
  to   space 34816K, 0% used [0x00000007b0b80000,0x00000007b0b80000,0x00000007b2d80000)
 ParOldGen       total 149504K, used 74388K [0x000000072a000000, 0x0000000733200000, 0x000000078e000000)
  object space 149504K, 49% used [0x000000072a000000,0x000000072e8a5090,0x0000000733200000)
 Metaspace       used 153792K, capacity 161028K, committed 163160K, reserved 1191936K
  class space    used 19710K, capacity 21106K, committed 21632K, reserved 1048576K
GC Heap History (10 events):
Event: 2251,766 GC heap after
Heap after GC invocations=21 (full 4):
 PSYoungGen      total 367104K, used 0K [0x000000078e000000, 0x00000007aba80000, 0x00000007c0000000)
  eden space 336896K, 0% used [0x000000078e000000,0x000000078e000000,0x00000007a2900000)
  from space 30208K, 0% used [0x00000007a2900000,0x00000007a2900000,0x00000007a4680000)
  to   space 29696K, 0% used [0x00000007a9d80000,0x00000007a9d80000,0x00000007aba80000)
 ParOldGen       total 126976K, used 65313K [0x000000072a000000, 0x0000000731c00000, 0x000000078e000000)
  object space 126976K, 51% used [0x000000072a000000,0x000000072dfc8448,0x0000000731c00000)
 Metaspace       used 93972K, capacity 98128K, committed 98280K, reserved 1134592K
  class space    used 12482K, capacity 13397K, committed 13440K, reserved 1048576K
}
Event: 2349,495 GC heap before
{Heap before GC invocations=22 (full 4):
 PSYoungGen      total 367104K, used 336896K [0x000000078e000000, 0x00000007aba80000, 0x00000007c0000000)
  eden space 336896K, 100% used [0x000000078e000000,0x00000007a2900000,0x00000007a2900000)
  from space 30208K, 0% used [0x00000007a2900000,0x00000007a2900000,0x00000007a4680000)
  to   space 29696K, 0% used [0x00000007a9d80000,0x00000007a9d80000,0x00000007aba80000)
 ParOldGen       total 126976K, used 65313K [0x000000072a000000, 0x0000000731c00000, 0x000000078e000000)
  object space 126976K, 51% used [0x000000072a000000,0x000000072dfc8448,0x0000000731c00000)
 Metaspace       used 112151K, capacity 117648K, committed 117720K, reserved 1150976K
  class space    used 14677K, capacity 15836K, committed 15872K, reserved 1048576K
Event: 2349,548 GC heap after
Heap after GC invocations=22 (full 4):
 PSYoungGen      total 452608K, used 25819K [0x000000078e000000, 0x00000007ac180000, 0x00000007c0000000)
  eden space 422912K, 0% used [0x000000078e000000,0x000000078e000000,0x00000007a7d00000)
  from space 29696K, 86% used [0x00000007a9d80000,0x00000007ab6b6f28,0x00000007aba80000)
  to   space 33280K, 0% used [0x00000007a7d00000,0x00000007a7d00000,0x00000007a9d80000)
 ParOldGen       total 126976K, used 65321K [0x000000072a000000, 0x0000000731c00000, 0x000000078e000000)
  object space 126976K, 51% used [0x000000072a000000,0x000000072dfca448,0x0000000731c00000)
 Metaspace       used 112151K, capacity 117648K, committed 117720K, reserved 1150976K
  class space    used 14677K, capacity 15836K, committed 15872K, reserved 1048576K
}
Event: 2692,682 GC heap before
{Heap before GC invocations=23 (full 4):
 PSYoungGen      total 452608K, used 448731K [0x000000078e000000, 0x00000007ac180000, 0x00000007c0000000)
  eden space 422912K, 100% used [0x000000078e000000,0x00000007a7d00000,0x00000007a7d00000)
  from space 29696K, 86% used [0x00000007a9d80000,0x00000007ab6b6f28,0x00000007aba80000)
  to   space 33280K, 0% used [0x00000007a7d00000,0x00000007a7d00000,0x00000007a9d80000)
 ParOldGen       total 126976K, used 65321K [0x000000072a000000, 0x0000000731c00000, 0x000000078e000000)
  object space 126976K, 51% used [0x000000072a000000,0x000000072dfca448,0x0000000731c00000)
 Metaspace       used 132359K, capacity 139258K, committed 139608K, reserved 1169408K
  class space    used 17252K, capacity 18694K, committed 18816K, reserved 1048576K
Event: 2692,894 GC heap after
Heap after GC invocations=23 (full 4):
 PSYoungGen      total 456192K, used 33278K [0x000000078e000000, 0x00000007b3780000, 0x00000007c0000000)
  eden space 422912K, 0% used [0x000000078e000000,0x000000078e000000,0x00000007a7d00000)
  from space 33280K, 99% used [0x00000007a7d00000,0x00000007a9d7f850,0x00000007a9d80000)
  to   space 45056K, 0% used [0x00000007b0b80000,0x00000007b0b80000,0x00000007b3780000)
 ParOldGen       total 126976K, used 81002K [0x000000072a000000, 0x0000000731c00000, 0x000000078e000000)
  object space 126976K, 63% used [0x000000072a000000,0x000000072ef1a950,0x0000000731c00000)
 Metaspace       used 132359K, capacity 139258K, committed 139608K, reserved 1169408K
  class space    used 17252K, capacity 18694K, committed 18816K, reserved 1048576K
}
Event: 7027,894 GC heap before
{Heap before GC invocations=24 (full 4):
 PSYoungGen      total 456192K, used 456190K [0x000000078e000000, 0x00000007b3780000, 0x00000007c0000000)
  eden space 422912K, 100% used [0x000000078e000000,0x00000007a7d00000,0x00000007a7d00000)
  from space 33280K, 99% used [0x00000007a7d00000,0x00000007a9d7f850,0x00000007a9d80000)
  to   space 45056K, 0% used [0x00000007b0b80000,0x00000007b0b80000,0x00000007b3780000)
 ParOldGen       total 126976K, used 81002K [0x000000072a000000, 0x0000000731c00000, 0x000000078e000000)
  object space 126976K, 63% used [0x000000072a000000,0x000000072ef1a950,0x0000000731c00000)
 Metaspace       used 146652K, capacity 154648K, committed 154840K, reserved 1183744K
  class space    used 19060K, capacity 20682K, committed 20736K, reserved 1048576K
Event: 7030,699 GC heap after
Heap after GC invocations=24 (full 4):
 PSYoungGen      total 547328K, used 26121K [0x000000078e000000, 0x00000007b2d80000, 0x00000007c0000000)
  eden space 512512K, 0% used [0x000000078e000000,0x000000078e000000,0x00000007ad480000)
  from space 34816K, 75% used [0x00000007b0b80000,0x00000007b25024c8,0x00000007b2d80000)
  to   space 45568K, 0% used [0x00000007ad480000,0x00000007ad480000,0x00000007b0100000)
 ParOldGen       total 126976K, used 101607K [0x000000072a000000, 0x0000000731c00000, 0x000000078e000000)
  object space 126976K, 80% used [0x000000072a000000,0x0000000730339c88,0x0000000731c00000)
 Metaspace       used 146652K, capacity 154648K, committed 154840K, reserved 1183744K
  class space    used 19060K, capacity 20682K, committed 20736K, reserved 1048576K
}
Event: 7030,701 GC heap before
{Heap before GC invocations=25 (full 5):
 PSYoungGen      total 547328K, used 26121K [0x000000078e000000, 0x00000007b2d80000, 0x00000007c0000000)
  eden space 512512K, 0% used [0x000000078e000000,0x000000078e000000,0x00000007ad480000)
  from space 34816K, 75% used [0x00000007b0b80000,0x00000007b25024c8,0x00000007b2d80000)
  to   space 45568K, 0% used [0x00000007ad480000,0x00000007ad480000,0x00000007b0100000)
 ParOldGen       total 126976K, used 101607K [0x000000072a000000, 0x0000000731c00000, 0x000000078e000000)
  object space 126976K, 80% used [0x000000072a000000,0x0000000730339c88,0x0000000731c00000)
 Metaspace       used 146652K, capacity 154648K, committed 154840K, reserved 1183744K
  class space    used 19060K, capacity 20682K, committed 20736K, reserved 1048576K
Event: 7049,803 GC heap after
Heap after GC invocations=25 (full 5):
 PSYoungGen      total 547328K, used 0K [0x000000078e000000, 0x00000007b2d80000, 0x00000007c0000000)
  eden space 512512K, 0% used [0x000000078e000000,0x000000078e000000,0x00000007ad480000)
  from space 34816K, 0% used [0x00000007b0b80000,0x00000007b0b80000,0x00000007b2d80000)
  to   space 45568K, 0% used [0x00000007ad480000,0x00000007ad480000,0x00000007b0100000)
 ParOldGen       total 149504K, used 74380K [0x000000072a000000, 0x0000000733200000, 0x000000078e000000)
  object space 149504K, 49% used [0x000000072a000000,0x000000072e8a3090,0x0000000733200000)
 Metaspace       used 143893K, capacity 150274K, committed 154840K, reserved 1183744K
  class space    used 18499K, capacity 19757K, committed 20736K, reserved 1048576K
}
Event: 7095,086 GC heap before
{Heap before GC invocations=26 (full 5):
 PSYoungGen      total 547328K, used 512512K [0x000000078e000000, 0x00000007b2d80000, 0x00000007c0000000)
  eden space 512512K, 100% used [0x000000078e000000,0x00000007ad480000,0x00000007ad480000)
  from space 34816K, 0% used [0x00000007b0b80000,0x00000007b0b80000,0x00000007b2d80000)
  to   space 45568K, 0% used [0x00000007ad480000,0x00000007ad480000,0x00000007b0100000)
 ParOldGen       total 149504K, used 74380K [0x000000072a000000, 0x0000000733200000, 0x000000078e000000)
  object space 149504K, 49% used [0x000000072a000000,0x000000072e8a3090,0x0000000733200000)
 Metaspace       used 153792K, capacity 161028K, committed 163160K, reserved 1191936K
  class space    used 19710K, capacity 21106K, committed 21632K, reserved 1048576K

