# JRE version: OpenJDK Runtime Environment (8.0_152-b01) (build 1.8.0_152-release-1024-b01)
# Java VM: OpenJDK 64-Bit Server VM (25.152-b01 mixed mode linux-amd64 compressed oops)
Heap:
 PSYoungGen      total 212992K, used 16365K [0x000000078e000000, 0x000000079d080000, 0x00000007c0000000)
  eden space 196608K, 0% used [0x000000078e000000,0x000000078e000000,0x000000079a000000)
  from space 16384K, 99% used [0x000000079b080000,0x000000079c07b5b0,0x000000079c080000)
  to   space 8192K, 0% used [0x000000079c880000,0x000000079c880000,0x000000079d080000)
 ParOldGen       total 99328K, used 55435K [0x000000072a000000, 0x0000000730100000, 0x000000078e000000)
  object space 99328K, 55% used [0x000000072a000000,0x000000072d622dc8,0x0000000730100000)
 Metaspace       used 75654K, capacity 78770K, committed 78976K, reserved 1118208K
  class space    used 10142K, capacity 10876K, committed 10880K, reserved 1048576K
GC Heap History (10 events):
Event: 9,010 GC heap after
Heap after GC invocations=13 (full 2):
 PSYoungGen      total 137216K, used 11262K [0x000000078e000000, 0x0000000799b80000, 0x00000007c0000000)
  eden space 125952K, 0% used [0x000000078e000000,0x000000078e000000,0x0000000795b00000)
  from space 11264K, 99% used [0x0000000795b00000,0x00000007965ff840,0x0000000796600000)
  to   space 14336K, 0% used [0x0000000798d80000,0x0000000798d80000,0x0000000799b80000)
 ParOldGen       total 56320K, used 19893K [0x000000072a000000, 0x000000072d700000, 0x000000078e000000)
  object space 56320K, 35% used [0x000000072a000000,0x000000072b36d7d0,0x000000072d700000)
 Metaspace       used 44662K, capacity 45644K, committed 45824K, reserved 1089536K
  class space    used 6068K, capacity 6388K, committed 6400K, reserved 1048576K
}
Event: 11,344 GC heap before
{Heap before GC invocations=14 (full 2):
 PSYoungGen      total 137216K, used 137214K [0x000000078e000000, 0x0000000799b80000, 0x00000007c0000000)
  eden space 125952K, 100% used [0x000000078e000000,0x0000000795b00000,0x0000000795b00000)
  from space 11264K, 99% used [0x0000000795b00000,0x00000007965ff840,0x0000000796600000)
  to   space 14336K, 0% used [0x0000000798d80000,0x0000000798d80000,0x0000000799b80000)
 ParOldGen       total 56320K, used 19893K [0x000000072a000000, 0x000000072d700000, 0x000000078e000000)
  object space 56320K, 35% used [0x000000072a000000,0x000000072b36d7d0,0x000000072d700000)
 Metaspace       used 55356K, capacity 57010K, committed 57344K, reserved 1097728K
  class space    used 7610K, capacity 8074K, committed 8192K, reserved 1048576K
Event: 11,383 GC heap after
Heap after GC invocations=14 (full 2):
 PSYoungGen      total 176128K, used 12998K [0x000000078e000000, 0x0000000799e80000, 0x00000007c0000000)
  eden space 161792K, 0% used [0x000000078e000000,0x000000078e000000,0x0000000797e00000)
  from space 14336K, 90% used [0x0000000798d80000,0x0000000799a31830,0x0000000799b80000)
  to   space 15872K, 0% used [0x0000000797e00000,0x0000000797e00000,0x0000000798d80000)
 ParOldGen       total 56320K, used 28130K [0x000000072a000000, 0x000000072d700000, 0x000000078e000000)
  object space 56320K, 49% used [0x000000072a000000,0x000000072bb78998,0x000000072d700000)
 Metaspace       used 55356K, capacity 57010K, committed 57344K, reserved 1097728K
  class space    used 7610K, capacity 8074K, committed 8192K, reserved 1048576K
}
Event: 12,439 GC heap before
{Heap before GC invocations=15 (full 2):
 PSYoungGen      total 176128K, used 126120K [0x000000078e000000, 0x0000000799e80000, 0x00000007c0000000)
  eden space 161792K, 69% used [0x000000078e000000,0x0000000794e78950,0x0000000797e00000)
  from space 14336K, 90% used [0x0000000798d80000,0x0000000799a31830,0x0000000799b80000)
  to   space 15872K, 0% used [0x0000000797e00000,0x0000000797e00000,0x0000000798d80000)
 ParOldGen       total 56320K, used 28130K [0x000000072a000000, 0x000000072d700000, 0x000000078e000000)
  object space 56320K, 49% used [0x000000072a000000,0x000000072bb78998,0x000000072d700000)
 Metaspace       used 57205K, capacity 58896K, committed 59008K, reserved 1099776K
  class space    used 7858K, capacity 8271K, committed 8320K, reserved 1048576K
Event: 12,492 GC heap after
Heap after GC invocations=15 (full 2):
 PSYoungGen      total 177664K, used 13434K [0x000000078e000000, 0x000000079d980000, 0x00000007c0000000)
  eden space 161792K, 0% used [0x000000078e000000,0x000000078e000000,0x0000000797e00000)
  from space 15872K, 84% used [0x0000000797e00000,0x0000000798b1e8d0,0x0000000798d80000)
  to   space 17408K, 0% used [0x000000079c880000,0x000000079c880000,0x000000079d980000)
 ParOldGen       total 56320K, used 35053K [0x000000072a000000, 0x000000072d700000, 0x000000078e000000)
  object space 56320K, 62% used [0x000000072a000000,0x000000072c23b618,0x000000072d700000)
 Metaspace       used 57205K, capacity 58896K, committed 59008K, reserved 1099776K
  class space    used 7858K, capacity 8271K, committed 8320K, reserved 1048576K
}
Event: 12,492 GC heap before
{Heap before GC invocations=16 (full 3):
 PSYoungGen      total 177664K, used 13434K [0x000000078e000000, 0x000000079d980000, 0x00000007c0000000)
  eden space 161792K, 0% used [0x000000078e000000,0x000000078e000000,0x0000000797e00000)
  from space 15872K, 84% used [0x0000000797e00000,0x0000000798b1e8d0,0x0000000798d80000)
  to   space 17408K, 0% used [0x000000079c880000,0x000000079c880000,0x000000079d980000)
 ParOldGen       total 56320K, used 35053K [0x000000072a000000, 0x000000072d700000, 0x000000078e000000)
  object space 56320K, 62% used [0x000000072a000000,0x000000072c23b618,0x000000072d700000)
 Metaspace       used 57205K, capacity 58896K, committed 59008K, reserved 1099776K
  class space    used 7858K, capacity 8271K, committed 8320K, reserved 1048576K
Event: 12,880 GC heap after
Heap after GC invocations=16 (full 3):
 PSYoungGen      total 177664K, used 0K [0x000000078e000000, 0x000000079d980000, 0x00000007c0000000)
  eden space 161792K, 0% used [0x000000078e000000,0x000000078e000000,0x0000000797e00000)
  from space 15872K, 0% used [0x0000000797e00000,0x0000000797e00000,0x0000000798d80000)
  to   space 17408K, 0% used [0x000000079c880000,0x000000079c880000,0x000000079d980000)
 ParOldGen       total 99328K, used 43302K [0x000000072a000000, 0x0000000730100000, 0x000000078e000000)
  object space 99328K, 43% used [0x000000072a000000,0x000000072ca49ac0,0x0000000730100000)
 Metaspace       used 57205K, capacity 58896K, committed 59008K, reserved 1099776K
  class space    used 7858K, capacity 8271K, committed 8320K, reserved 1048576K
}
Event: 19,603 GC heap before
{Heap before GC invocations=17 (full 3):
 PSYoungGen      total 177664K, used 161792K [0x000000078e000000, 0x000000079d980000, 0x00000007c0000000)
  eden space 161792K, 100% used [0x000000078e000000,0x0000000797e00000,0x0000000797e00000)
  from space 15872K, 0% used [0x0000000797e00000,0x0000000797e00000,0x0000000798d80000)
  to   space 17408K, 0% used [0x000000079c880000,0x000000079c880000,0x000000079d980000)
 ParOldGen       total 99328K, used 43302K [0x000000072a000000, 0x0000000730100000, 0x000000078e000000)
  object space 99328K, 43% used [0x000000072a000000,0x000000072ca49ac0,0x0000000730100000)
 Metaspace       used 62452K, capacity 64726K, committed 65024K, reserved 1105920K
  class space    used 8331K, capacity 8901K, committed 8960K, reserved 1048576K
Event: 19,632 GC heap after
Heap after GC invocations=17 (full 3):
 PSYoungGen      total 204800K, used 7875K [0x000000078e000000, 0x000000079d080000, 0x00000007c0000000)
  eden space 196608K, 0% used [0x000000078e000000,0x000000078e000000,0x000000079a000000)
  from space 8192K, 96% used [0x000000079c880000,0x000000079d030e90,0x000000079d080000)
  to   space 16384K, 0% used [0x000000079b080000,0x000000079b080000,0x000000079c080000)
 ParOldGen       total 99328K, used 43310K [0x000000072a000000, 0x0000000730100000, 0x000000078e000000)
  object space 99328K, 43% used [0x000000072a000000,0x000000072ca4bac0,0x0000000730100000)
 Metaspace       used 62452K, capacity 64726K, committed 65024K, reserved 1105920K
  class space    used 8331K, capacity 8901K, committed 8960K, reserved 1048576K
}
Event: 24,452 GC heap before
{Heap before GC invocations=18 (full 3):
 PSYoungGen      total 204800K, used 204483K [0x000000078e000000, 0x000000079d080000, 0x00000007c0000000)
  eden space 196608K, 100% used [0x000000078e000000,0x000000079a000000,0x000000079a000000)
  from space 8192K, 96% used [0x000000079c880000,0x000000079d030e90,0x000000079d080000)
  to   space 16384K, 0% used [0x000000079b080000,0x000000079b080000,0x000000079c080000)
 ParOldGen       total 99328K, used 43310K [0x000000072a000000, 0x0000000730100000, 0x000000078e000000)
  object space 99328K, 43% used [0x000000072a000000,0x000000072ca4bac0,0x0000000730100000)
 Metaspace       used 75654K, capacity 78770K, committed 78976K, reserved 1118208K
  class space    used 10142K, capacity 10876K, committed 10880K, reserved 1048576K

